\BOOKMARK [1][-]{section.1}{\376\377\133\236\232\214\163\257\130\203}{}% 1
\BOOKMARK [1][-]{section.2}{\376\377\173\054\116\000\220\350\122\006\377\032\116\221\136\163\123\360\220\350\177\162\377\010\000P\000a\000r\000t\000\040\0001\377\011}{}% 2
\BOOKMARK [2][-]{subsection.2.1}{\376\377\116\373\122\241\0001\377\032\136\224\165\050\133\271\126\150\123\026\116\016\000S\000W\000R\143\250\220\001}{section.2}% 3
\BOOKMARK [2][-]{subsection.2.2}{\376\377\116\373\122\241\0002\377\032\000C\000C\000E\000\040\226\306\177\244\144\055\136\372}{section.2}% 4
\BOOKMARK [2][-]{subsection.2.3}{\376\377\116\373\122\241\0003\377\032\000K\000u\000b\000e\000r\000n\000e\000t\000e\000s\000\040\136\224\165\050\220\350\177\162}{section.2}% 5
\BOOKMARK [2][-]{subsection.2.4}{\376\377\116\373\122\241\0004\377\032\143\001\116\105\123\026\133\130\120\250\377\010\000P\000V\000C\377\011}{section.2}% 6
\BOOKMARK [2][-]{subsection.2.5}{\376\377\116\373\122\241\0005\377\032\000C\000o\000n\000f\000i\000g\000M\000a\000p\000\040\000V\000o\000l\000u\000m\000e\000\040\143\002\217\175}{section.2}% 7
\BOOKMARK [2][-]{subsection.2.6}{\376\377\116\373\122\241\0006\377\032\000H\000P\000A\000\040\137\071\140\047\117\070\177\051}{section.2}% 8
\BOOKMARK [1][-]{section.3}{\376\377\173\054\116\214\220\350\122\006\377\032\000S\000p\000a\000r\000k\000\040\131\047\145\160\143\156\122\006\147\220\377\010\000P\000a\000r\000t\000\040\0002\000\040\000-\000\040\145\271\124\021\000A\377\011}{}% 9
\BOOKMARK [2][-]{subsection.3.1}{\376\377\000A\000-\0000\377\032\000S\000p\000a\000r\000k\000\040\000O\000p\000e\000r\000a\000t\000o\000r\000\040\163\257\130\203\220\350\177\162}{section.3}% 10
\BOOKMARK [2][-]{subsection.3.2}{\376\377\000A\000-\0001\377\032\145\160\143\156\156\005\155\027}{section.3}% 11
\BOOKMARK [2][-]{subsection.3.3}{\376\377\000A\000-\0002\377\032\000S\000p\000a\000r\000k\000\040\000S\000Q\000L\000\040\176\337\213\241\122\006\147\220}{section.3}% 12
\BOOKMARK [2][-]{subsection.3.4}{\376\377\000A\000-\0003\377\032\140\047\200\375\133\371\153\324\116\016\000\040\000A\000m\000d\000a\000h\000l\000\040\122\006\147\220}{section.3}% 13
\BOOKMARK [1][-]{section.4}{\376\377\226\104\122\240\230\230}{}% 14
\BOOKMARK [2][-]{subsection.4.1}{\376\377\226\104\122\240\230\230\0001\377\032\116\221\123\237\165\037\166\321\143\247\174\373\176\337\377\010\000P\000r\000o\000m\000e\000t\000h\000e\000u\000s\000\040\000+\000\040\000G\000r\000a\000f\000a\000n\000a\377\011}{section.4}% 15
\BOOKMARK [2][-]{subsection.4.2}{\376\377\226\104\122\240\230\230\0002\377\032\000C\000I\000/\000C\000D\000\040\143\001\176\355\226\306\142\020\220\350\177\162}{section.4}% 16
\BOOKMARK [2][-]{subsection.4.3}{\376\377\226\104\122\240\230\230\0003\377\032\122\115\154\277\116\023\230\230\000\040\040\024\000\040\000K\0003\000s\000\040\000+\000\040\000M\000Q\000T\000T\000\040\217\271\177\030\213\241\173\227}{section.4}% 17
\BOOKMARK [3][-]{subsubsection.4.3.1}{\376\377\200\314\146\157\116\016\122\250\147\072}{subsection.4.3}% 18
\BOOKMARK [3][-]{subsubsection.4.3.2}{\376\377\174\373\176\337\147\266\147\204\213\276\213\241}{subsection.4.3}% 19
\BOOKMARK [3][-]{subsubsection.4.3.3}{\376\377\000M\000Q\000T\000T\000\040\123\117\213\256\127\050\137\061\177\121\163\257\130\203\116\013\166\204\220\002\165\050\140\047\122\006\147\220}{subsection.4.3}% 20
\BOOKMARK [3][-]{subsubsection.4.3.4}{\376\377\116\343\170\001\133\236\163\260\140\035\215\357}{subsection.4.3}% 21
\BOOKMARK [3][-]{subsubsection.4.3.5}{\376\377\116\221\217\271\123\117\124\014\166\204\136\366\217\337\143\021\142\030\116\016\117\030\123\026\145\271\124\021}{subsection.4.3}% 22
\BOOKMARK [3][-]{subsubsection.4.3.6}{\376\377\000M\000Q\000T\000T\000\040\000Q\000o\000S\000\040\147\072\122\066\155\361\121\145\122\006\147\220}{subsection.4.3}% 23
\BOOKMARK [3][-]{subsubsection.4.3.7}{\376\377\000K\0003\000s\000\040\116\016\150\007\121\306\000\040\000K\000u\000b\000e\000r\000n\000e\000t\000e\000s\000\040\166\204\147\266\147\204\135\356\137\002}{subsection.4.3}% 24
\BOOKMARK [3][-]{subsubsection.4.3.8}{\376\377\147\054\145\271\150\110\166\204\134\100\226\120\140\047\116\016\145\071\217\333\145\271\124\021}{subsection.4.3}% 25
\BOOKMARK [1][-]{section.5}{\376\377\226\104\137\125}{}% 26
\BOOKMARK [2][-]{subsection.5.1}{\376\377\000G\000i\000t\000H\000u\000b\000\040\116\323\136\223}{section.5}% 27
\BOOKMARK [2][-]{subsection.5.2}{\376\377\150\070\137\303\145\207\116\366\156\005\123\125}{section.5}% 28
\BOOKMARK [2][-]{subsection.5.3}{\376\377\000S\000p\000a\000r\000k\000\040\000W\000o\000r\000d\000C\000o\000u\000n\000t\000\040\000Y\000A\000M\000L\377\010\000A\000-\0000\000\040\123\302\145\160\171\072\117\213\377\011}{section.5}% 29
\BOOKMARK [1][-]{section.6}{\376\377\140\073\176\323}{}% 30
